Python 3.11.1 (tags/v3.11.1:a7a450f, Dec  6 2022, 19:58:39) [MSC v.1934 64 bit (AMD64)] on win32
Type "help", "copyright", "credits" or "license" for more information.

Microsoft Windows [Version 10.0.22000.2538]

asttokens==2.4.0
backcall==0.2.0
certifi==2023.7.22
chardet==3.0.4
charset-normalizer==3.2.0
colorama==0.4.6
comm==0.1.4
contourpy==1.1.1
cycler==0.12.1
debugpy==1.8.0
decorator==5.1.1
executing==1.2.0
fonttools==4.43.1
googletrans==4.0.0rc1
h11==0.9.0
h2==3.2.0
hpack==3.0.0
hstspreload==2023.1.1
httpcore==0.9.1
httpx==0.13.3
hyperframe==5.2.0
idna==2.10
ipykernel==6.25.2
ipython==8.15.0
jedi==0.19.0
joblib==1.3.2
jupyter_client==8.3.1
jupyter_core==5.3.2
kiwisolver==1.4.5
matplotlib==3.8.0
matplotlib-inline==0.1.6
nest-asyncio==1.5.8
numpy==1.26.0
packaging==23.1
pandas==2.1.1
parso==0.8.3
pickleshare==0.7.5
Pillow==10.0.1
platformdirs==3.10.0
prompt-toolkit==3.0.39
psutil==5.9.5
pure-eval==0.2.2
Pygments==2.16.1
pyparsing==3.1.1
python-dateutil==2.8.2
pytz==2023.3.post1
pywin32==306
pyzmq==25.1.1
requests==2.31.0
rfc3986==1.5.0
scikit-learn==1.3.1
scipy==1.11.3
six==1.16.0
sniffio==1.3.0
stack-data==0.6.2
threadpoolctl==3.2.0
tornado==6.3.3
traitlets==5.10.1
tzdata==2023.3
urllib3==2.0.5
wcwidth==0.2.7